<?xml version="1.0" encoding="UTF-8"?>
<!-- Generated by org.testng.reporters.JUnitReportReporter -->
<testsuite hostname="AutoProgrammer" failures="0" tests="1" name="Selenium.validateTitleTest" time="0.036" errors="0" timestamp="3 Jul 2020 05:04:41 GMT">
  <testcase classname="Selenium.validateTitleTest" name="basePageNavigation" time="0.036"/>
</testsuite> <!-- Selenium.validateTitleTest -->
