<?xml version="1.0" encoding="UTF-8"?>
<!-- Generated by org.testng.reporters.JUnitReportReporter -->
<testsuite hostname="AutoProgrammer" failures="0" tests="2" name="Selenium.HomePageTest" time="5.655" errors="0" timestamp="3 Jul 2020 05:04:41 GMT">
  <testcase classname="Selenium.HomePageTest" name="basePageNavigation" time="3.788"/>
  <testcase classname="Selenium.HomePageTest" name="basePageNavigation" time="1.867"/>
</testsuite> <!-- Selenium.HomePageTest -->
